{
  "0 debug pnpm:scope": {
    "selected": 1
  },
  "1 error pnpm": {
    "code": "ELIFECYCLE",
    "errno": "ENOENT",
    "syscall": "spawn",
    "file": "sh",
    "pkgid": "web-app@",
    "stage": "dev",
    "script": "next dev",
    "pkgname": "web-app",
    "err": {
      "name": "pnpm",
      "message": "web-app@ dev: `next dev`\nspawn ENOENT",
      "code": "ELIFECYCLE",
      "stack": "pnpm: web-app@ dev: `next dev`\nspawn ENOENT\n    at ChildProcess.<anonymous> (/usr/local/Cellar/pnpm/6.30.0/libexec/lib/node_modules/pnpm/dist/pnpm.cjs:92200:22)\n    at ChildProcess.emit (events.js:315:20)\n    at maybeClose (internal/child_process.js:1048:16)\n    at Process.ChildProcess._handle.onexit (internal/child_process.js:288:5)"
    }
  },
  "2 warn pnpm:global": " Local package.json exists, but node_modules missing, did you mean to install?"
}